WifiSpot5L/proguard/mapping.txt
es.yetaap.wifispot5l.WifiSpotProvider -> es.yetaap.wifispot5l.WifiSpotProvider:
    38:53:void onUpdate(android.content.Context,android.appwidget.AppWidgetManager,int[]) -> onUpdate
    58:104:void onReceive(android.content.Context,android.content.Intent) -> onReceive
    108:123:void refreshWidget(android.content.Context,boolean) -> a
    128:137:void refreshPendingIntent(android.content.Context,android.appwidget.AppWidgetManager,int[],android.widget.RemoteViews,android.content.ComponentName) -> a
    141:147:void refreshWidgetWorking(android.content.Context) -> a
    152:211:boolean configApState(android.content.Context) -> b
    216:235:boolean isWifiOn(android.content.Context) -> c
    240:274:boolean isApOn(android.content.Context) -> d
es.yetaap.wifispot5l.WifiSpotUpdater -> es.yetaap.wifispot5l.WifiSpotUpdater:
    23:48:void onReceive(android.content.Context,android.content.Intent) -> onReceive
...
android.support.v4.view.GravityCompatJellybeanMr1 -> android.support.v4.view.k:
    26:26:int getAbsoluteGravity(int,int) -> a
android.support.v4.view.KeyEventCompat -> android.support.v4.view.l:
    android.support.v4.view.KeyEventCompat$KeyEventVersionImpl IMPL -> a
    188:188:boolean hasModifiers(android.view.KeyEvent,int) -> a
    192:192:boolean hasNoModifiers(android.view.KeyEvent) -> a
    196:197:void startTracking(android.view.KeyEvent) -> b
android.support.v4.view.KeyEventCompat$BaseKeyEventVersionImpl -> android.support.v4.view.m:
    55:67:int metaStateFilterDirectionalModifiers(int,int,int,int,int) -> a
    73:79:int normalizeMetaState(int) -> a
    84:89:boolean metaStateHasModifiers(int,int) -> a
    94:94:boolean metaStateHasNoModifiers(int) -> b
    99:99:void startTracking(android.view.KeyEvent) -> a
android.support.v4.view.KeyEventCompat$EclairKeyEventVersionImpl -> android.support.v4.view.n:
    121:122:void startTracking(android.view.KeyEvent) -> a
android.support.v4.view.KeyEventCompat$HoneycombKeyEventVersionImpl -> android.support.v4.view.o:
    147:147:int normalizeMetaState(int) -> a
    152:152:boolean metaStateHasModifiers(int,int) -> a
    157:157:boolean metaStateHasNoModifiers(int) -> b
android.support.v4.view.KeyEventCompat$KeyEventVersionImpl -> android.support.v4.view.p:
    boolean metaStateHasModifiers(int,int) -> a
    boolean metaStateHasNoModifiers(int) -> b
    void startTracking(android.view.KeyEvent) -> a
android.support.v4.view.KeyEventCompatEclair -> android.support.v4.view.q:
    34:35:void startTracking(android.view.KeyEvent) -> a
android.support.v4.view.KeyEventCompatHoneycomb -> android.support.v4.view.r:
    26:26:int normalizeMetaState(int) -> a
    30:30:boolean metaStateHasModifiers(int,int) -> a
    34:34:boolean metaStateHasNoModifiers(int) -> b
android.support.v4.view.MotionEventCompat -> android.support.v4.view.s:
    android.support.v4.view.MotionEventCompat$MotionEventVersionImpl IMPL -> a
    183:183:int getActionMasked(android.view.MotionEvent) -> a
    191:191:int getActionIndex(android.view.MotionEvent) -> b
    201:201:int findPointerIndex(android.view.MotionEvent,int) -> a
    210:210:int getPointerId(android.view.MotionEvent,int) -> b
    219:219:float getX(android.view.MotionEvent,int) -> c
    228:228:float getY(android.view.MotionEvent,int) -> d
    236:236:int getPointerCount(android.view.MotionEvent) -> c
android.support.v4.view.MotionEventCompat$BaseMotionEventVersionImpl -> android.support.v4.view.t:
    43:47:int findPointerIndex(android.view.MotionEvent,int) -> a
    51:55:int getPointerId(android.view.MotionEvent,int) -> b
    59:62:float getX(android.view.MotionEvent,int) -> c
    66:69:float getY(android.view.MotionEvent,int) -> d
    73:73:int getPointerCount(android.view.MotionEvent) -> a
android.support.v4.view.MotionEventCompat$EclairMotionEventVersionImpl -> android.support.v4.view.u:
    83:83:int findPointerIndex(android.view.MotionEvent,int) -> a
    87:87:int getPointerId(android.view.MotionEvent,int) -> b
    91:91:float getX(android.view.MotionEvent,int) -> c
    95:95:float getY(android.view.MotionEvent,int) -> d
    99:99:int getPointerCount(android.view.MotionEvent) -> a
android.support.v4.view.MotionEventCompat$MotionEventVersionImpl -> android.support.v4.view.v:
    int findPointerIndex(android.view.MotionEvent,int) -> a
    int getPointerId(android.view.MotionEvent,int) -> b
    float getX(android.view.MotionEvent,int) -> c
    float getY(android.view.MotionEvent,int) -> d
    int getPointerCount(android.view.MotionEvent) -> a
android.support.v4.view.MotionEventCompatEclair -> android.support.v4.view.w:
    26:26:int findPointerIndex(android.view.MotionEvent,int) -> a
    29:29:int getPointerId(android.view.MotionEvent,int) -> b
    32:32:float getX(android.view.MotionEvent,int) -> c
    35:35:float getY(android.view.MotionEvent,int) -> d
    38:38:int getPointerCount(android.view.MotionEvent) -> a