WifiSpot5L/proguard/usage.txt
es.yetaap.wifispot5l.BuildConfig
es.yetaap.wifispot5l.R
es.yetaap.wifispot5l.R$attr
es.yetaap.wifispot5l.R$drawable
es.yetaap.wifispot5l.R$id
es.yetaap.wifispot5l.R$layout
es.yetaap.wifispot5l.R$string
es.yetaap.wifispot5l.R$xml
es.yetaap.wifispot5l.WifiSpotProvider:
    public static final int WIFI_AP_STATE_DISABLING
    public static final int WIFI_AP_STATE_DISABLED
    public static final int WIFI_AP_STATE_ENABLING
    public static final int WIFI_AP_STATE_ENABLED
    public static final int WIFI_AP_STATE_FAILED
    private static final java.lang.String LOG_TAG
    private static final java.lang.String PREFS_EXTRA_AP_STATE_TO_REFRESH
    private static final java.lang.String PREFS_EXTRA_SAVED_WIFI_STATE
    private static final java.lang.String WIFIMANGER_HIDE_METHOD_SET_AP_ENABLED
    private static final java.lang.String WIFIMANGER_HIDE_METHOD_GET_AP_STATE
es.yetaap.wifispot5l.WifiSpotUpdater:
    public static final java.lang.String INTENT_UPDATE_WIDGET
    public static final java.lang.String INTENT_UPDATE_WIDGET_ACTION
    public static final int ON
    public static final int OFF
    private static final java.lang.String WIFI_AP_STATE_CHANGED_ACTION
    private static final java.lang.String INTENT_EXTRA_WIFI_AP_STATE
...
android.support.v4.widget.CircleImageView$OvalShadow
android.support.v4.widget.ContentLoadingProgressBar
android.support.v4.widget.ContentLoadingProgressBar$1
android.support.v4.widget.ContentLoadingProgressBar$2
android.support.v4.widget.CursorAdapter
android.support.v4.widget.CursorAdapter$1
android.support.v4.widget.CursorAdapter$ChangeObserver
android.support.v4.widget.CursorAdapter$MyDataSetObserver
android.support.v4.widget.CursorFilter
android.support.v4.widget.CursorFilter$CursorFilterClient
android.support.v4.widget.DrawerLayout:
    private static final java.lang.String TAG
    public static final int STATE_IDLE
    public static final int STATE_DRAGGING
    public static final int STATE_SETTLING
    public static final int LOCK_MODE_UNLOCKED
    public static final int LOCK_MODE_LOCKED_CLOSED
    public static final int LOCK_MODE_LOCKED_OPEN
    private static final int MIN_DRAWER_MARGIN
    private static final int DEFAULT_SCRIM_COLOR
    private static final int PEEK_DELAY
    private static final int MIN_FLING_VELOCITY
    private static final boolean ALLOW_EDGE_LOCK
    private static final boolean CHILDREN_DISALLOW_INTERCEPT
    private static final float TOUCH_SLOP_SENSITIVITY
    private java.lang.CharSequence mTitleLeft
    private java.lang.CharSequence mTitleRight
    314:315:public DrawerLayout(android.content.Context)
    318:319:public DrawerLayout(android.content.Context,android.util.AttributeSet)
    322:352:public DrawerLayout(android.content.Context,android.util.AttributeSet,int)
    360:364:public void setChildInsets(java.lang.Object,boolean)
    380:390:public void setDrawerShadow(android.graphics.drawable.Drawable,int)
    400:401:public void setDrawerShadow(int,int)
    509:515:public void setDrawerLockMode(int,android.view.View)
    526:533:public int getDrawerLockMode(int)
    565:572:public void setDrawerTitle(int,java.lang.CharSequence)
    584:591:public java.lang.CharSequence getDrawerTitle(int)
android.support.v4.widget.DrawerLayout$AccessibilityDelegate
android.support.v4.widget.DrawerLayout$ChildAccessibilityDelegate:
    final synthetic android.support.v4.widget.DrawerLayout this$0
    1909:1909:DrawerLayout$ChildAccessibilityDelegate(android.support.v4.widget.DrawerLayout)
    1913:1921:public void onInitializeAccessibilityNodeInfo(android.view.View,android.support.v4.view.accessibility.AccessibilityNodeInfoCompat)
android.support.v4.widget.DrawerLayout$DrawerLayoutCompatImpl:
    public abstract void configureApplyInsets(android.view.View)
android.support.v4.widget.DrawerLayout$DrawerLayoutCompatImplApi21:
    286:287:public void configureApplyInsets(android.view.View)
android.support.v4.widget.DrawerLayout$DrawerLayoutCompatImplBase:
    269:269:public void configureApplyInsets(android.view.View)
android.support.v4.widget.DrawerLayout$EdgeGravity
android.support.v4.widget.DrawerLayout$LayoutParams:
    1781:1783:public DrawerLayout$LayoutParams(int,int,int)
android.support.v4.widget.DrawerLayout$LockMode
android.support.v4.widget.DrawerLayout$SimpleDrawerListener
android.support.v4.widget.DrawerLayout$State
android.support.v4.widget.DrawerLayout$ViewDragCallback:
    1605:1607:public DrawerLayout$ViewDragCallback(android.support.v4.widget.DrawerLayout,int)
    1610:1611:public void setDragger(android.support.v4.widget.ViewDragHelper)
    1690:1712:private void peekDrawer()
    1595:1595:static synthetic void access$000(android.support.v4.widget.DrawerLayout$ViewDragCallback)
android.support.v4.widget.DrawerLayout$ViewDragCallback$1
android.support.v4.widget.DrawerLayoutCompatApi21:
    28:69:DrawerLayoutCompatApi21()
    30:35:public static void configureApplyInsets(android.view.View)
android.support.v4.widget.DrawerLayoutCompatApi21$InsetsListener
android.support.v4.widget.DrawerLayoutImpl
android.support.v4.widget.EdgeEffectCompat:
    132:134:public EdgeEffectCompat(android.content.Context)
    204:204:public boolean onAbsorb(int)